f:\school portfolio\csc473\lab3\computeranimationtemplate2019\util\debug\util.pdb
f:\school portfolio\csc473\lab3\computeranimationtemplate2019\util\debug\util.idb
f:\school portfolio\csc473\lab3\computeranimationtemplate2019\util\debug\ball.obj
f:\school portfolio\csc473\lab3\computeranimationtemplate2019\util\debug\ballaux.obj
f:\school portfolio\csc473\lab3\computeranimationtemplate2019\util\debug\ballmath.obj
f:\school portfolio\csc473\lab3\computeranimationtemplate2019\util\debug\coordsystem.obj
f:\school portfolio\csc473\lab3\computeranimationtemplate2019\util\debug\framesaver.obj
f:\school portfolio\csc473\lab3\computeranimationtemplate2019\util\debug\glutilities.obj
f:\school portfolio\csc473\lab3\computeranimationtemplate2019\util\debug\image.obj
f:\school portfolio\csc473\lab3\computeranimationtemplate2019\util\debug\mymath.obj
f:\school portfolio\csc473\lab3\computeranimationtemplate2019\util\debug\noise.obj
f:\school portfolio\csc473\lab3\computeranimationtemplate2019\util\debug\picker.obj
f:\school portfolio\csc473\lab3\computeranimationtemplate2019\util\debug\quaternion.obj
f:\school portfolio\csc473\lab3\computeranimationtemplate2019\util\debug\timer.obj
f:\school portfolio\csc473\lab3\computeranimationtemplate2019\util\debug\vector.obj
f:\school portfolio\csc473\lab3\computeranimationtemplate2019\util\debug\vectorobj.obj
f:\school portfolio\csc473\lab3\computeranimationtemplate2019\lib\util.lib
f:\school portfolio\csc473\lab3\computeranimationtemplate2019\util\..\lib\util.lib
f:\school portfolio\csc473\lab3\computeranimationtemplate2019\util\debug\util.tlog\cl.command.1.tlog
f:\school portfolio\csc473\lab3\computeranimationtemplate2019\util\debug\util.tlog\cl.read.1.tlog
f:\school portfolio\csc473\lab3\computeranimationtemplate2019\util\debug\util.tlog\cl.write.1.tlog
f:\school portfolio\csc473\lab3\computeranimationtemplate2019\util\debug\util.tlog\lib-link.read.1.tlog
f:\school portfolio\csc473\lab3\computeranimationtemplate2019\util\debug\util.tlog\lib-link.write.1.tlog
f:\school portfolio\csc473\lab3\computeranimationtemplate2019\util\debug\util.tlog\lib.command.1.tlog
