f:\school portfolio\csc473\lab3\computeranimationtemplate2019\anim\debug\vc142.pdb
f:\school portfolio\csc473\lab3\computeranimationtemplate2019\anim\debug\vc142.idb
f:\school portfolio\csc473\lab3\computeranimationtemplate2019\anim\debug\anim.obj
f:\school portfolio\csc473\lab3\computeranimationtemplate2019\anim\debug\animtcl.obj
f:\school portfolio\csc473\lab3\computeranimationtemplate2019\anim\debug\ballobj.obj
f:\school portfolio\csc473\lab3\computeranimationtemplate2019\anim\debug\baseobject.obj
f:\school portfolio\csc473\lab3\computeranimationtemplate2019\anim\debug\basesimulator.obj
f:\school portfolio\csc473\lab3\computeranimationtemplate2019\anim\debug\basesystem.obj
f:\school portfolio\csc473\lab3\computeranimationtemplate2019\anim\debug\dots.obj
f:\school portfolio\csc473\lab3\computeranimationtemplate2019\anim\debug\globalresourcemanager.obj
f:\school portfolio\csc473\lab3\computeranimationtemplate2019\anim\debug\myscene.obj
f:\school portfolio\csc473\lab3\computeranimationtemplate2019\anim\debug\orbit.obj
f:\school portfolio\csc473\lab3\computeranimationtemplate2019\anim\debug\emitter.obj
f:\school portfolio\csc473\lab3\computeranimationtemplate2019\anim\debug\resourcemanager.obj
f:\school portfolio\csc473\lab3\computeranimationtemplate2019\anim\debug\samplegravitysimulator.obj
f:\school portfolio\csc473\lab3\computeranimationtemplate2019\anim\debug\sampleparticle.obj
f:\school portfolio\csc473\lab3\computeranimationtemplate2019\build\anim.exe
f:\school portfolio\csc473\lab3\computeranimationtemplate2019\build\anim.ilk
f:\school portfolio\csc473\lab3\computeranimationtemplate2019\build\animp.pdb
f:\school portfolio\csc473\lab3\computeranimationtemplate2019\anim\../build\anim.exe
f:\school portfolio\csc473\lab3\computeranimationtemplate2019\anim\debug\anim.tlog\cl.command.1.tlog
f:\school portfolio\csc473\lab3\computeranimationtemplate2019\anim\debug\anim.tlog\cl.read.1.tlog
f:\school portfolio\csc473\lab3\computeranimationtemplate2019\anim\debug\anim.tlog\cl.write.1.tlog
f:\school portfolio\csc473\lab3\computeranimationtemplate2019\anim\debug\anim.tlog\link.command.1.tlog
f:\school portfolio\csc473\lab3\computeranimationtemplate2019\anim\debug\anim.tlog\link.read.1.tlog
f:\school portfolio\csc473\lab3\computeranimationtemplate2019\anim\debug\anim.tlog\link.write.1.tlog
